\BOOKMARK [1][-]{section.1}{Introduzione}{}% 1
\BOOKMARK [2][-]{subsection.1.1}{SVD}{section.1}% 2
\BOOKMARK [2][-]{subsection.1.2}{One Sided Jacobi SVD}{section.1}% 3
\BOOKMARK [3][-]{subsubsection.1.2.1}{Jacobi rotation}{subsection.1.2}% 4
\BOOKMARK [3][-]{subsubsection.1.2.2}{Algoritmo One Sided Jacobi}{subsection.1.2}% 5
\BOOKMARK [1][-]{section.2}{CUDA}{}% 6
\BOOKMARK [2][-]{subsection.2.1}{Calcolo parallelo}{section.2}% 7
\BOOKMARK [2][-]{subsection.2.2}{Calcolo sequenziale e parallelo}{section.2}% 8
\BOOKMARK [2][-]{subsection.2.3}{Struttura di programmazione CUDA}{section.2}% 9
\BOOKMARK [2][-]{subsection.2.4}{Organizzazione della memoria}{section.2}% 10
\BOOKMARK [2][-]{subsection.2.5}{Organizzazione dei thread}{section.2}% 11
\BOOKMARK [2][-]{subsection.2.6}{Modello della memoria CUDA}{section.2}% 12
\BOOKMARK [3][-]{subsubsection.2.6.1}{Registri}{subsection.2.6}% 13
\BOOKMARK [3][-]{subsubsection.2.6.2}{Local Memory}{subsection.2.6}% 14
\BOOKMARK [3][-]{subsubsection.2.6.3}{Shared Memory}{subsection.2.6}% 15
\BOOKMARK [3][-]{subsubsection.2.6.4}{Constant Memory}{subsection.2.6}% 16
\BOOKMARK [3][-]{subsubsection.2.6.5}{Texture Memory}{subsection.2.6}% 17
\BOOKMARK [3][-]{subsubsection.2.6.6}{Global Memory}{subsection.2.6}% 18
\BOOKMARK [1][-]{section.3}{Implementazione sequenziale}{}% 19
\BOOKMARK [1][-]{section.4}{Implementazione parallela}{}% 20
\BOOKMARK [2][-]{subsection.4.1}{Global Memory}{section.4}% 21
\BOOKMARK [2][-]{subsection.4.2}{Semi Shared Memory}{section.4}% 22
\BOOKMARK [2][-]{subsection.4.3}{Shared Memory}{section.4}% 23
\BOOKMARK [1][-]{section.5}{Performance}{}% 24
\BOOKMARK [1][-]{section.6}{Conclusioni}{}% 25
